 atom           1
 For L =            0 there are           9 radial functions
 For L =            1 there are           8 radial functions
 For L =            2 there are           7 radial functions
 For L =            3 there are           3 radial functions
 For L =            4 there are           1 radial functions
 For atom            1 max L =            4
 atom           2
 For L =            0 there are           9 radial functions
 For L =            1 there are           8 radial functions
 For L =            2 there are           7 radial functions
 For L =            3 there are           3 radial functions
 For L =            4 there are           1 radial functions
 For atom            2 max L =            4
 atom           3
 For L =            0 there are           9 radial functions
 For L =            1 there are           8 radial functions
 For L =            2 there are           7 radial functions
 For L =            3 there are           3 radial functions
 For L =            4 there are           1 radial functions
 For atom            3 max L =            4
 atom           4
 For L =            0 there are           9 radial functions
 For L =            1 there are           8 radial functions
 For L =            2 there are           7 radial functions
 For L =            3 there are           3 radial functions
 For L =            4 there are           1 radial functions
 For atom            4 max L =            4
 atom           5
 For L =            0 there are           9 radial functions
 For L =            1 there are           8 radial functions
 For L =            2 there are           7 radial functions
 For L =            3 there are           3 radial functions
 For L =            4 there are           1 radial functions
 For atom            5 max L =            4
 atom           6
 For L =            0 there are           9 radial functions
 For L =            1 there are           8 radial functions
 For L =            2 there are           7 radial functions
 For L =            3 there are           3 radial functions
 For L =            4 there are           1 radial functions
 For atom            6 max L =            4
 atom           7
 For L =            0 there are           9 radial functions
 For L =            1 there are           8 radial functions
 For L =            2 there are           7 radial functions
 For L =            3 there are           3 radial functions
 For L =            4 there are           1 radial functions
 For atom            7 max L =            4
 atom           8
 For L =            0 there are           9 radial functions
 For L =            1 there are           8 radial functions
 For L =            2 there are           7 radial functions
 For L =            3 there are           3 radial functions
 For L =            4 there are           1 radial functions
 For atom            8 max L =            4
 atom           9
 For L =            0 there are           9 radial functions
 For L =            1 there are           8 radial functions
 For L =            2 there are           7 radial functions
 For L =            3 there are           3 radial functions
 For L =            4 there are           1 radial functions
 For atom            9 max L =            4
 atom          10
 For L =            0 there are           9 radial functions
 For L =            1 there are           8 radial functions
 For L =            2 there are           7 radial functions
 For L =            3 there are           3 radial functions
 For L =            4 there are           1 radial functions
 For atom           10 max L =            4
 atom          11
 For L =            0 there are           9 radial functions
 For L =            1 there are           8 radial functions
 For L =            2 there are           7 radial functions
 For L =            3 there are           3 radial functions
 For L =            4 there are           1 radial functions
 For atom           11 max L =            4
 atom          12
 For L =            0 there are           9 radial functions
 For L =            1 there are           8 radial functions
 For L =            2 there are           7 radial functions
 For L =            3 there are           3 radial functions
 For L =            4 there are           1 radial functions
 For atom           12 max L =            4
 atom          13
 For L =            0 there are           9 radial functions
 For L =            1 there are           8 radial functions
 For L =            2 there are           7 radial functions
 For L =            3 there are           3 radial functions
 For L =            4 there are           1 radial functions
 For atom           13 max L =            4
 atom          14
 For L =            0 there are           9 radial functions
 For L =            1 there are           8 radial functions
 For L =            2 there are           7 radial functions
 For L =            3 there are           3 radial functions
 For L =            4 there are           1 radial functions
 For atom           14 max L =            4
 atom          15
 For L =            0 there are           9 radial functions
 For L =            1 there are           8 radial functions
 For L =            2 there are           7 radial functions
 For L =            3 there are           3 radial functions
 For L =            4 there are           1 radial functions
 For atom           15 max L =            4
 atom          16
 For L =            0 there are           9 radial functions
 For L =            1 there are           8 radial functions
 For L =            2 there are           7 radial functions
 For L =            3 there are           3 radial functions
 For L =            4 there are           1 radial functions
 For atom           16 max L =            4
 atom          17
 For L =            0 there are           9 radial functions
 For L =            1 there are           8 radial functions
 For L =            2 there are           7 radial functions
 For L =            3 there are           3 radial functions
 For L =            4 there are           1 radial functions
 For atom           17 max L =            4
 atom          18
 For L =            0 there are           9 radial functions
 For L =            1 there are           8 radial functions
 For L =            2 there are           7 radial functions
 For L =            3 there are           3 radial functions
 For L =            4 there are           1 radial functions
 For atom           18 max L =            4
 atom          19
 For L =            0 there are           9 radial functions
 For L =            1 there are           8 radial functions
 For L =            2 there are           7 radial functions
 For L =            3 there are           3 radial functions
 For L =            4 there are           1 radial functions
 For atom           19 max L =            4
 atom          20
 For L =            0 there are           9 radial functions
 For L =            1 there are           8 radial functions
 For L =            2 there are           7 radial functions
 For L =            3 there are           3 radial functions
 For L =            4 there are           1 radial functions
 For atom           20 max L =            4
 atom          21
 For L =            0 there are           4 radial functions
 For L =            1 there are           3 radial functions
 For L =            2 there are           1 radial functions
 For atom           21 max L =            2
 atom          22
 For L =            0 there are           4 radial functions
 For L =            1 there are           3 radial functions
 For L =            2 there are           1 radial functions
 For atom           22 max L =            2
 atom          23
 For L =            0 there are           4 radial functions
 For L =            1 there are           3 radial functions
 For L =            2 there are           1 radial functions
 For atom           23 max L =            2
 atom          24
 For L =            0 there are           4 radial functions
 For L =            1 there are           3 radial functions
 For L =            2 there are           1 radial functions
 For atom           24 max L =            2
 atom          25
 For L =            0 there are           4 radial functions
 For L =            1 there are           3 radial functions
 For L =            2 there are           1 radial functions
 For atom           25 max L =            2
 atom          26
 For L =            0 there are           4 radial functions
 For L =            1 there are           3 radial functions
 For L =            2 there are           1 radial functions
 For atom           26 max L =            2
 atom          27
 For L =            0 there are           4 radial functions
 For L =            1 there are           3 radial functions
 For L =            2 there are           1 radial functions
 For atom           27 max L =            2
 atom          28
 For L =            0 there are           4 radial functions
 For L =            1 there are           3 radial functions
 For L =            2 there are           1 radial functions
 For atom           28 max L =            2
 atom          29
 For L =            0 there are           4 radial functions
 For L =            1 there are           3 radial functions
 For L =            2 there are           1 radial functions
 For atom           29 max L =            2
 atom          30
 For L =            0 there are           4 radial functions
 For L =            1 there are           3 radial functions
 For L =            2 there are           1 radial functions
 For atom           30 max L =            2
 atom          31
 For L =            0 there are           4 radial functions
 For L =            1 there are           3 radial functions
 For L =            2 there are           1 radial functions
 For atom           31 max L =            2
 atom          32
 For L =            0 there are           4 radial functions
 For L =            1 there are           3 radial functions
 For L =            2 there are           1 radial functions
 For atom           32 max L =            2
 atom          33
 For L =            0 there are           4 radial functions
 For L =            1 there are           3 radial functions
 For L =            2 there are           1 radial functions
 For atom           33 max L =            2
 atom          34
 For L =            0 there are           4 radial functions
 For L =            1 there are           3 radial functions
 For L =            2 there are           1 radial functions
 For atom           34 max L =            2
 atom          35
 For L =            0 there are           4 radial functions
 For L =            1 there are           3 radial functions
 For L =            2 there are           1 radial functions
 For atom           35 max L =            2
 atom          36
 For L =            0 there are           4 radial functions
 For L =            1 there are           3 radial functions
 For L =            2 there are           1 radial functions
 For atom           36 max L =            2
 atom          37
 For L =            0 there are           9 radial functions
 For L =            1 there are           8 radial functions
 For L =            2 there are           7 radial functions
 For L =            3 there are           3 radial functions
 For L =            4 there are           1 radial functions
 For atom           37 max L =            4
 atom          38
 For L =            0 there are           9 radial functions
 For L =            1 there are           8 radial functions
 For L =            2 there are           7 radial functions
 For L =            3 there are           3 radial functions
 For L =            4 there are           1 radial functions
 For atom           38 max L =            4
 atom          39
 For L =            0 there are           9 radial functions
 For L =            1 there are           8 radial functions
 For L =            2 there are           7 radial functions
 For L =            3 there are           3 radial functions
 For L =            4 there are           1 radial functions
 For atom           39 max L =            4
 atom          40
 For L =            0 there are           9 radial functions
 For L =            1 there are           8 radial functions
 For L =            2 there are           7 radial functions
 For L =            3 there are           3 radial functions
 For L =            4 there are           1 radial functions
 For atom           40 max L =            4
 atom          41
 For L =            0 there are           9 radial functions
 For L =            1 there are           8 radial functions
 For L =            2 there are           7 radial functions
 For L =            3 there are           3 radial functions
 For L =            4 there are           1 radial functions
 For atom           41 max L =            4
 atom          42
 For L =            0 there are           9 radial functions
 For L =            1 there are           8 radial functions
 For L =            2 there are           7 radial functions
 For L =            3 there are           3 radial functions
 For L =            4 there are           1 radial functions
 For atom           42 max L =            4
 atom          43
 For L =            0 there are           9 radial functions
 For L =            1 there are           8 radial functions
 For L =            2 there are           7 radial functions
 For L =            3 there are           3 radial functions
 For L =            4 there are           1 radial functions
 For atom           43 max L =            4
 atom          44
 For L =            0 there are           9 radial functions
 For L =            1 there are           8 radial functions
 For L =            2 there are           7 radial functions
 For L =            3 there are           3 radial functions
 For L =            4 there are           1 radial functions
 For atom           44 max L =            4
 atom          45
 For L =            0 there are           9 radial functions
 For L =            1 there are           8 radial functions
 For L =            2 there are           7 radial functions
 For L =            3 there are           3 radial functions
 For L =            4 there are           1 radial functions
 For atom           45 max L =            4
 atom          46
 For L =            0 there are           9 radial functions
 For L =            1 there are           8 radial functions
 For L =            2 there are           7 radial functions
 For L =            3 there are           3 radial functions
 For L =            4 there are           1 radial functions
 For atom           46 max L =            4
 atom          47
 For L =            0 there are           9 radial functions
 For L =            1 there are           8 radial functions
 For L =            2 there are           7 radial functions
 For L =            3 there are           3 radial functions
 For L =            4 there are           1 radial functions
 For atom           47 max L =            4
 atom          48
 For L =            0 there are           9 radial functions
 For L =            1 there are           8 radial functions
 For L =            2 there are           7 radial functions
 For L =            3 there are           3 radial functions
 For L =            4 there are           1 radial functions
 For atom           48 max L =            4
 atom          49
 For L =            0 there are           9 radial functions
 For L =            1 there are           8 radial functions
 For L =            2 there are           7 radial functions
 For L =            3 there are           3 radial functions
 For L =            4 there are           1 radial functions
 For atom           49 max L =            4
 atom          50
 For L =            0 there are           9 radial functions
 For L =            1 there are           8 radial functions
 For L =            2 there are           7 radial functions
 For L =            3 there are           3 radial functions
 For L =            4 there are           1 radial functions
 For atom           50 max L =            4
 atom          51
 For L =            0 there are           9 radial functions
 For L =            1 there are           8 radial functions
 For L =            2 there are           7 radial functions
 For L =            3 there are           3 radial functions
 For L =            4 there are           1 radial functions
 For atom           51 max L =            4
 atom          52
 For L =            0 there are           9 radial functions
 For L =            1 there are           8 radial functions
 For L =            2 there are           7 radial functions
 For L =            3 there are           3 radial functions
 For L =            4 there are           1 radial functions
 For atom           52 max L =            4
 atom          53
 For L =            0 there are           9 radial functions
 For L =            1 there are           8 radial functions
 For L =            2 there are           7 radial functions
 For L =            3 there are           3 radial functions
 For L =            4 there are           1 radial functions
 For atom           53 max L =            4
 atom          54
 For L =            0 there are           9 radial functions
 For L =            1 there are           8 radial functions
 For L =            2 there are           7 radial functions
 For L =            3 there are           3 radial functions
 For L =            4 there are           1 radial functions
 For atom           54 max L =            4
 atom          55
 For L =            0 there are           9 radial functions
 For L =            1 there are           8 radial functions
 For L =            2 there are           7 radial functions
 For L =            3 there are           3 radial functions
 For L =            4 there are           1 radial functions
 For atom           55 max L =            4
 atom          56
 For L =            0 there are           9 radial functions
 For L =            1 there are           8 radial functions
 For L =            2 there are           7 radial functions
 For L =            3 there are           3 radial functions
 For L =            4 there are           1 radial functions
 For atom           56 max L =            4
 atom          57
 For L =            0 there are           4 radial functions
 For L =            1 there are           3 radial functions
 For L =            2 there are           1 radial functions
 For atom           57 max L =            2
 atom          58
 For L =            0 there are           4 radial functions
 For L =            1 there are           3 radial functions
 For L =            2 there are           1 radial functions
 For atom           58 max L =            2
 atom          59
 For L =            0 there are           4 radial functions
 For L =            1 there are           3 radial functions
 For L =            2 there are           1 radial functions
 For atom           59 max L =            2
 atom          60
 For L =            0 there are           4 radial functions
 For L =            1 there are           3 radial functions
 For L =            2 there are           1 radial functions
 For atom           60 max L =            2
 atom          61
 For L =            0 there are           4 radial functions
 For L =            1 there are           3 radial functions
 For L =            2 there are           1 radial functions
 For atom           61 max L =            2
 atom          62
 For L =            0 there are           4 radial functions
 For L =            1 there are           3 radial functions
 For L =            2 there are           1 radial functions
 For atom           62 max L =            2
 atom          63
 For L =            0 there are           4 radial functions
 For L =            1 there are           3 radial functions
 For L =            2 there are           1 radial functions
 For atom           63 max L =            2
 atom          64
 For L =            0 there are           4 radial functions
 For L =            1 there are           3 radial functions
 For L =            2 there are           1 radial functions
 For atom           64 max L =            2
 atom          65
 For L =            0 there are           4 radial functions
 For L =            1 there are           3 radial functions
 For L =            2 there are           1 radial functions
 For atom           65 max L =            2
 atom          66
 For L =            0 there are           4 radial functions
 For L =            1 there are           3 radial functions
 For L =            2 there are           1 radial functions
 For atom           66 max L =            2
 atom          67
 For L =            0 there are           4 radial functions
 For L =            1 there are           3 radial functions
 For L =            2 there are           1 radial functions
 For atom           67 max L =            2
 atom          68
 For L =            0 there are           4 radial functions
 For L =            1 there are           3 radial functions
 For L =            2 there are           1 radial functions
 For atom           68 max L =            2
 atom          69
 For L =            0 there are           4 radial functions
 For L =            1 there are           3 radial functions
 For L =            2 there are           1 radial functions
 For atom           69 max L =            2
 atom          70
 For L =            0 there are           4 radial functions
 For L =            1 there are           3 radial functions
 For L =            2 there are           1 radial functions
 For atom           70 max L =            2
 atom          71
 For L =            0 there are           4 radial functions
 For L =            1 there are           3 radial functions
 For L =            2 there are           1 radial functions
 For atom           71 max L =            2
 atom          72
 For L =            0 there are           4 radial functions
 For L =            1 there are           3 radial functions
 For L =            2 there are           1 radial functions
 For atom           72 max L =            2
 atom          73
 For L =            0 there are           9 radial functions
 For L =            1 there are           8 radial functions
 For L =            2 there are           7 radial functions
 For L =            3 there are           3 radial functions
 For L =            4 there are           1 radial functions
 For atom           73 max L =            4
 atom          74
 For L =            0 there are           9 radial functions
 For L =            1 there are           8 radial functions
 For L =            2 there are           7 radial functions
 For L =            3 there are           3 radial functions
 For L =            4 there are           1 radial functions
 For atom           74 max L =            4
 atom          75
 For L =            0 there are           9 radial functions
 For L =            1 there are           8 radial functions
 For L =            2 there are           7 radial functions
 For L =            3 there are           3 radial functions
 For L =            4 there are           1 radial functions
 For atom           75 max L =            4
 atom          76
 For L =            0 there are           9 radial functions
 For L =            1 there are           8 radial functions
 For L =            2 there are           7 radial functions
 For L =            3 there are           3 radial functions
 For L =            4 there are           1 radial functions
 For atom           76 max L =            4
 atom          77
 For L =            0 there are           9 radial functions
 For L =            1 there are           8 radial functions
 For L =            2 there are           7 radial functions
 For L =            3 there are           3 radial functions
 For L =            4 there are           1 radial functions
 For atom           77 max L =            4
 atom          78
 For L =            0 there are           9 radial functions
 For L =            1 there are           8 radial functions
 For L =            2 there are           7 radial functions
 For L =            3 there are           3 radial functions
 For L =            4 there are           1 radial functions
 For atom           78 max L =            4
 atom          79
 For L =            0 there are           9 radial functions
 For L =            1 there are           8 radial functions
 For L =            2 there are           7 radial functions
 For L =            3 there are           3 radial functions
 For L =            4 there are           1 radial functions
 For atom           79 max L =            4
 atom          80
 For L =            0 there are           9 radial functions
 For L =            1 there are           8 radial functions
 For L =            2 there are           7 radial functions
 For L =            3 there are           3 radial functions
 For L =            4 there are           1 radial functions
 For atom           80 max L =            4
 atom          81
 For L =            0 there are           9 radial functions
 For L =            1 there are           8 radial functions
 For L =            2 there are           7 radial functions
 For L =            3 there are           3 radial functions
 For L =            4 there are           1 radial functions
 For atom           81 max L =            4
 atom          82
 For L =            0 there are           9 radial functions
 For L =            1 there are           8 radial functions
 For L =            2 there are           7 radial functions
 For L =            3 there are           3 radial functions
 For L =            4 there are           1 radial functions
 For atom           82 max L =            4
 atom          83
 For L =            0 there are           9 radial functions
 For L =            1 there are           8 radial functions
 For L =            2 there are           7 radial functions
 For L =            3 there are           3 radial functions
 For L =            4 there are           1 radial functions
 For atom           83 max L =            4
 atom          84
 For L =            0 there are           9 radial functions
 For L =            1 there are           8 radial functions
 For L =            2 there are           7 radial functions
 For L =            3 there are           3 radial functions
 For L =            4 there are           1 radial functions
 For atom           84 max L =            4
 atom          85
 For L =            0 there are           9 radial functions
 For L =            1 there are           8 radial functions
 For L =            2 there are           7 radial functions
 For L =            3 there are           3 radial functions
 For L =            4 there are           1 radial functions
 For atom           85 max L =            4
 atom          86
 For L =            0 there are           9 radial functions
 For L =            1 there are           8 radial functions
 For L =            2 there are           7 radial functions
 For L =            3 there are           3 radial functions
 For L =            4 there are           1 radial functions
 For atom           86 max L =            4
 atom          87
 For L =            0 there are           9 radial functions
 For L =            1 there are           8 radial functions
 For L =            2 there are           7 radial functions
 For L =            3 there are           3 radial functions
 For L =            4 there are           1 radial functions
 For atom           87 max L =            4
 atom          88
 For L =            0 there are           9 radial functions
 For L =            1 there are           8 radial functions
 For L =            2 there are           7 radial functions
 For L =            3 there are           3 radial functions
 For L =            4 there are           1 radial functions
 For atom           88 max L =            4
 atom          89
 For L =            0 there are           9 radial functions
 For L =            1 there are           8 radial functions
 For L =            2 there are           7 radial functions
 For L =            3 there are           3 radial functions
 For L =            4 there are           1 radial functions
 For atom           89 max L =            4
 atom          90
 For L =            0 there are           9 radial functions
 For L =            1 there are           8 radial functions
 For L =            2 there are           7 radial functions
 For L =            3 there are           3 radial functions
 For L =            4 there are           1 radial functions
 For atom           90 max L =            4
 atom          91
 For L =            0 there are           9 radial functions
 For L =            1 there are           8 radial functions
 For L =            2 there are           7 radial functions
 For L =            3 there are           3 radial functions
 For L =            4 there are           1 radial functions
 For atom           91 max L =            4
 atom          92
 For L =            0 there are           9 radial functions
 For L =            1 there are           8 radial functions
 For L =            2 there are           7 radial functions
 For L =            3 there are           3 radial functions
 For L =            4 there are           1 radial functions
 For atom           92 max L =            4
 atom          93
 For L =            0 there are           4 radial functions
 For L =            1 there are           3 radial functions
 For L =            2 there are           1 radial functions
 For atom           93 max L =            2
 atom          94
 For L =            0 there are           4 radial functions
 For L =            1 there are           3 radial functions
 For L =            2 there are           1 radial functions
 For atom           94 max L =            2
 atom          95
 For L =            0 there are           4 radial functions
 For L =            1 there are           3 radial functions
 For L =            2 there are           1 radial functions
 For atom           95 max L =            2
 atom          96
 For L =            0 there are           4 radial functions
 For L =            1 there are           3 radial functions
 For L =            2 there are           1 radial functions
 For atom           96 max L =            2
 atom          97
 For L =            0 there are           4 radial functions
 For L =            1 there are           3 radial functions
 For L =            2 there are           1 radial functions
 For atom           97 max L =            2
 atom          98
 For L =            0 there are           4 radial functions
 For L =            1 there are           3 radial functions
 For L =            2 there are           1 radial functions
 For atom           98 max L =            2
 atom          99
 For L =            0 there are           4 radial functions
 For L =            1 there are           3 radial functions
 For L =            2 there are           1 radial functions
 For atom           99 max L =            2
 atom         100
 For L =            0 there are           4 radial functions
 For L =            1 there are           3 radial functions
 For L =            2 there are           1 radial functions
 For atom          100 max L =            2
 atom         101
 For L =            0 there are           4 radial functions
 For L =            1 there are           3 radial functions
 For L =            2 there are           1 radial functions
 For atom          101 max L =            2
 atom         102
 For L =            0 there are           4 radial functions
 For L =            1 there are           3 radial functions
 For L =            2 there are           1 radial functions
 For atom          102 max L =            2
 atom         103
 For L =            0 there are           4 radial functions
 For L =            1 there are           3 radial functions
 For L =            2 there are           1 radial functions
 For atom          103 max L =            2
 atom         104
 For L =            0 there are           4 radial functions
 For L =            1 there are           3 radial functions
 For L =            2 there are           1 radial functions
 For atom          104 max L =            2
 atom         105
 For L =            0 there are           4 radial functions
 For L =            1 there are           3 radial functions
 For L =            2 there are           1 radial functions
 For atom          105 max L =            2
 atom         106
 For L =            0 there are           4 radial functions
 For L =            1 there are           3 radial functions
 For L =            2 there are           1 radial functions
 For atom          106 max L =            2
 atom         107
 For L =            0 there are           4 radial functions
 For L =            1 there are           3 radial functions
 For L =            2 there are           1 radial functions
 For atom          107 max L =            2
 atom         108
 For L =            0 there are           4 radial functions
 For L =            1 there are           3 radial functions
 For L =            2 there are           1 radial functions
 For atom          108 max L =            2
 atom         109
 For L =            0 there are           9 radial functions
 For L =            1 there are           8 radial functions
 For L =            2 there are           7 radial functions
 For L =            3 there are           3 radial functions
 For L =            4 there are           1 radial functions
 For atom          109 max L =            4
 atom         110
 For L =            0 there are           9 radial functions
 For L =            1 there are           8 radial functions
 For L =            2 there are           7 radial functions
 For L =            3 there are           3 radial functions
 For L =            4 there are           1 radial functions
 For atom          110 max L =            4
 atom         111
 For L =            0 there are           9 radial functions
 For L =            1 there are           8 radial functions
 For L =            2 there are           7 radial functions
 For L =            3 there are           3 radial functions
 For L =            4 there are           1 radial functions
 For atom          111 max L =            4
 atom         112
 For L =            0 there are           9 radial functions
 For L =            1 there are           8 radial functions
 For L =            2 there are           7 radial functions
 For L =            3 there are           3 radial functions
 For L =            4 there are           1 radial functions
 For atom          112 max L =            4
 atom         113
 For L =            0 there are           9 radial functions
 For L =            1 there are           8 radial functions
 For L =            2 there are           7 radial functions
 For L =            3 there are           3 radial functions
 For L =            4 there are           1 radial functions
 For atom          113 max L =            4
 atom         114
 For L =            0 there are           9 radial functions
 For L =            1 there are           8 radial functions
 For L =            2 there are           7 radial functions
 For L =            3 there are           3 radial functions
 For L =            4 there are           1 radial functions
 For atom          114 max L =            4
 atom         115
 For L =            0 there are           9 radial functions
 For L =            1 there are           8 radial functions
 For L =            2 there are           7 radial functions
 For L =            3 there are           3 radial functions
 For L =            4 there are           1 radial functions
 For atom          115 max L =            4
 atom         116
 For L =            0 there are           9 radial functions
 For L =            1 there are           8 radial functions
 For L =            2 there are           7 radial functions
 For L =            3 there are           3 radial functions
 For L =            4 there are           1 radial functions
 For atom          116 max L =            4
 atom         117
 For L =            0 there are           9 radial functions
 For L =            1 there are           8 radial functions
 For L =            2 there are           7 radial functions
 For L =            3 there are           3 radial functions
 For L =            4 there are           1 radial functions
 For atom          117 max L =            4
 atom         118
 For L =            0 there are           9 radial functions
 For L =            1 there are           8 radial functions
 For L =            2 there are           7 radial functions
 For L =            3 there are           3 radial functions
 For L =            4 there are           1 radial functions
 For atom          118 max L =            4
 atom         119
 For L =            0 there are           9 radial functions
 For L =            1 there are           8 radial functions
 For L =            2 there are           7 radial functions
 For L =            3 there are           3 radial functions
 For L =            4 there are           1 radial functions
 For atom          119 max L =            4
 atom         120
 For L =            0 there are           9 radial functions
 For L =            1 there are           8 radial functions
 For L =            2 there are           7 radial functions
 For L =            3 there are           3 radial functions
 For L =            4 there are           1 radial functions
 For atom          120 max L =            4
 atom         121
 For L =            0 there are           9 radial functions
 For L =            1 there are           8 radial functions
 For L =            2 there are           7 radial functions
 For L =            3 there are           3 radial functions
 For L =            4 there are           1 radial functions
 For atom          121 max L =            4
 atom         122
 For L =            0 there are           9 radial functions
 For L =            1 there are           8 radial functions
 For L =            2 there are           7 radial functions
 For L =            3 there are           3 radial functions
 For L =            4 there are           1 radial functions
 For atom          122 max L =            4
 atom         123
 For L =            0 there are           9 radial functions
 For L =            1 there are           8 radial functions
 For L =            2 there are           7 radial functions
 For L =            3 there are           3 radial functions
 For L =            4 there are           1 radial functions
 For atom          123 max L =            4
 atom         124
 For L =            0 there are           9 radial functions
 For L =            1 there are           8 radial functions
 For L =            2 there are           7 radial functions
 For L =            3 there are           3 radial functions
 For L =            4 there are           1 radial functions
 For atom          124 max L =            4
 atom         125
 For L =            0 there are           9 radial functions
 For L =            1 there are           8 radial functions
 For L =            2 there are           7 radial functions
 For L =            3 there are           3 radial functions
 For L =            4 there are           1 radial functions
 For atom          125 max L =            4
 atom         126
 For L =            0 there are           9 radial functions
 For L =            1 there are           8 radial functions
 For L =            2 there are           7 radial functions
 For L =            3 there are           3 radial functions
 For L =            4 there are           1 radial functions
 For atom          126 max L =            4
 atom         127
 For L =            0 there are           9 radial functions
 For L =            1 there are           8 radial functions
 For L =            2 there are           7 radial functions
 For L =            3 there are           3 radial functions
 For L =            4 there are           1 radial functions
 For atom          127 max L =            4
 atom         128
 For L =            0 there are           9 radial functions
 For L =            1 there are           8 radial functions
 For L =            2 there are           7 radial functions
 For L =            3 there are           3 radial functions
 For L =            4 there are           1 radial functions
 For atom          128 max L =            4
 atom         129
 For L =            0 there are           4 radial functions
 For L =            1 there are           3 radial functions
 For L =            2 there are           1 radial functions
 For atom          129 max L =            2
 atom         130
 For L =            0 there are           4 radial functions
 For L =            1 there are           3 radial functions
 For L =            2 there are           1 radial functions
 For atom          130 max L =            2
 atom         131
 For L =            0 there are           4 radial functions
 For L =            1 there are           3 radial functions
 For L =            2 there are           1 radial functions
 For atom          131 max L =            2
 atom         132
 For L =            0 there are           4 radial functions
 For L =            1 there are           3 radial functions
 For L =            2 there are           1 radial functions
 For atom          132 max L =            2
 atom         133
 For L =            0 there are           4 radial functions
 For L =            1 there are           3 radial functions
 For L =            2 there are           1 radial functions
 For atom          133 max L =            2
 atom         134
 For L =            0 there are           4 radial functions
 For L =            1 there are           3 radial functions
 For L =            2 there are           1 radial functions
 For atom          134 max L =            2
 atom         135
 For L =            0 there are           4 radial functions
 For L =            1 there are           3 radial functions
 For L =            2 there are           1 radial functions
 For atom          135 max L =            2
 atom         136
 For L =            0 there are           4 radial functions
 For L =            1 there are           3 radial functions
 For L =            2 there are           1 radial functions
 For atom          136 max L =            2
 atom         137
 For L =            0 there are           4 radial functions
 For L =            1 there are           3 radial functions
 For L =            2 there are           1 radial functions
 For atom          137 max L =            2
 atom         138
 For L =            0 there are           4 radial functions
 For L =            1 there are           3 radial functions
 For L =            2 there are           1 radial functions
 For atom          138 max L =            2
 atom         139
 For L =            0 there are           4 radial functions
 For L =            1 there are           3 radial functions
 For L =            2 there are           1 radial functions
 For atom          139 max L =            2
 atom         140
 For L =            0 there are           4 radial functions
 For L =            1 there are           3 radial functions
 For L =            2 there are           1 radial functions
 For atom          140 max L =            2
 atom         141
 For L =            0 there are           4 radial functions
 For L =            1 there are           3 radial functions
 For L =            2 there are           1 radial functions
 For atom          141 max L =            2
 atom         142
 For L =            0 there are           4 radial functions
 For L =            1 there are           3 radial functions
 For L =            2 there are           1 radial functions
 For atom          142 max L =            2
 atom         143
 For L =            0 there are           4 radial functions
 For L =            1 there are           3 radial functions
 For L =            2 there are           1 radial functions
 For atom          143 max L =            2
 atom         144
 For L =            0 there are           4 radial functions
 For L =            1 there are           3 radial functions
 For L =            2 there are           1 radial functions
 For atom          144 max L =            2
