           6
          24
          50
          53
          56
          59
          73
          97
          29
          34
          39
          44
          63
          68
          93
          12
          14
          19
          21
          87
          89
          79
          81
         104
         122
         148
         151
         154
         157
         171
         195
         127
         132
         137
         142
         161
         166
         191
         110
         112
         117
         119
         185
         187
         177
         179
         202
         220
         246
         249
         252
         255
         269
         293
         225
         230
         235
         240
         259
         264
         289
         208
         210
         215
         217
         283
         285
         275
         277
         300
         318
         344
         347
         350
         353
         367
         391
         323
         328
         333
         338
         357
         362
         387
         306
         308
         313
         315
         381
         383
         373
         375
         398
         416
         442
         445
         448
         451
         465
         489
         421
         426
         431
         436
         455
         460
         485
         404
         406
         411
         413
         479
         481
         471
         473
         496
         514
         540
         543
         546
         549
         563
         587
         519
         524
         529
         534
         553
         558
         583
         502
         504
         509
         511
         577
         579
         569
         571
         594
         612
         638
         641
         644
         647
         661
         685
         617
         622
         627
         632
         651
         656
         681
         600
         602
         607
         609
         675
         677
         667
         669
         692
         710
         736
         739
         742
         745
         759
         783
         715
         720
         725
         730
         749
         754
         779
         698
         700
         705
         707
         773
         775
         765
         767
         790
         808
         834
         837
         840
         843
         857
         881
         813
         818
         823
         828
         847
         852
         877
         796
         798
         803
         805
         871
         873
         863
         865
         888
         906
         932
         935
         938
         941
         955
         979
         911
         916
         921
         926
         945
         950
         975
         894
         896
         901
         903
         969
         971
         961
         963
         986
        1004
        1030
        1033
        1036
        1039
        1053
        1077
        1009
        1014
        1019
        1024
        1043
        1048
        1073
         992
         994
         999
        1001
        1067
        1069
        1059
        1061
        1084
        1102
        1128
        1131
        1134
        1137
        1151
        1175
        1107
        1112
        1117
        1122
        1141
        1146
        1171
        1090
        1092
        1097
        1099
        1165
        1167
        1157
        1159
        1182
        1200
        1226
        1229
        1232
        1235
        1249
        1273
        1205
        1210
        1215
        1220
        1239
        1244
        1269
        1188
        1190
        1195
        1197
        1263
        1265
        1255
        1257
        1280
        1298
        1324
        1327
        1330
        1333
        1347
        1371
        1303
        1308
        1313
        1318
        1337
        1342
        1367
        1286
        1288
        1293
        1295
        1361
        1363
        1353
        1355
        1378
        1396
        1422
        1425
        1428
        1431
        1445
        1469
        1401
        1406
        1411
        1416
        1435
        1440
        1465
        1384
        1386
        1391
        1393
        1459
        1461
        1451
        1453
        1476
        1494
        1520
        1523
        1526
        1529
        1543
        1567
        1499
        1504
        1509
        1514
        1533
        1538
        1563
        1482
        1484
        1489
        1491
        1557
        1559
        1549
        1551
        1574
        1592
        1618
        1621
        1624
        1627
        1641
        1665
        1597
        1602
        1607
        1612
        1631
        1636
        1661
        1580
        1582
        1587
        1589
        1655
        1657
        1647
        1649
        1672
        1690
        1716
        1719
        1722
        1725
        1739
        1763
        1695
        1700
        1705
        1710
        1729
        1734
        1759
        1678
        1680
        1685
        1687
        1753
        1755
        1745
        1747
        1770
        1788
        1814
        1817
        1820
        1823
        1837
        1861
        1793
        1798
        1803
        1808
        1827
        1832
        1857
        1776
        1778
        1783
        1785
        1851
        1853
        1843
        1845
        1868
        1886
        1912
        1915
        1918
        1921
        1935
        1959
        1891
        1896
        1901
        1906
        1925
        1930
        1955
        1874
        1876
        1881
        1883
        1949
        1951
        1941
        1943
        1963
        1966
        1977
        1973
        1981
        1984
        1995
        1991
        1999
        2002
        2013
        2009
        2017
        2020
        2031
        2027
        2035
        2038
        2049
        2045
        2053
        2056
        2067
        2063
        2071
        2074
        2085
        2081
        2089
        2092
        2103
        2099
        2107
        2110
        2121
        2117
        2125
        2128
        2139
        2135
        2143
        2146
        2157
        2153
        2161
        2164
        2175
        2171
        2179
        2182
        2193
        2189
        2197
        2200
        2211
        2207
        2215
        2218
        2229
        2225
        2233
        2236
        2247
        2243
        2254
        2272
        2298
        2301
        2304
        2307
        2321
        2345
        2277
        2282
        2287
        2292
        2311
        2316
        2341
        2260
        2262
        2267
        2269
        2335
        2337
        2327
        2329
        2352
        2370
        2396
        2399
        2402
        2405
        2419
        2443
        2375
        2380
        2385
        2390
        2409
        2414
        2439
        2358
        2360
        2365
        2367
        2433
        2435
        2425
        2427
        2450
        2468
        2494
        2497
        2500
        2503
        2517
        2541
        2473
        2478
        2483
        2488
        2507
        2512
        2537
        2456
        2458
        2463
        2465
        2531
        2533
        2523
        2525
        2548
        2566
        2592
        2595
        2598
        2601
        2615
        2639
        2571
        2576
        2581
        2586
        2605
        2610
        2635
        2554
        2556
        2561
        2563
        2629
        2631
        2621
        2623
        2646
        2664
        2690
        2693
        2696
        2699
        2713
        2737
        2669
        2674
        2679
        2684
        2703
        2708
        2733
        2652
        2654
        2659
        2661
        2727
        2729
        2719
        2721
        2744
        2762
        2788
        2791
        2794
        2797
        2811
        2835
        2767
        2772
        2777
        2782
        2801
        2806
        2831
        2750
        2752
        2757
        2759
        2825
        2827
        2817
        2819
        2842
        2860
        2886
        2889
        2892
        2895
        2909
        2933
        2865
        2870
        2875
        2880
        2899
        2904
        2929
        2848
        2850
        2855
        2857
        2923
        2925
        2915
        2917
        2940
        2958
        2984
        2987
        2990
        2993
        3007
        3031
        2963
        2968
        2973
        2978
        2997
        3002
        3027
        2946
        2948
        2953
        2955
        3021
        3023
        3013
        3015
        3038
        3056
        3082
        3085
        3088
        3091
        3105
        3129
        3061
        3066
        3071
        3076
        3095
        3100
        3125
        3044
        3046
        3051
        3053
        3119
        3121
        3111
        3113
        3136
        3154
        3180
        3183
        3186
        3189
        3203
        3227
        3159
        3164
        3169
        3174
        3193
        3198
        3223
        3142
        3144
        3149
        3151
        3217
        3219
        3209
        3211
        3234
        3252
        3278
        3281
        3284
        3287
        3301
        3325
        3257
        3262
        3267
        3272
        3291
        3296
        3321
        3240
        3242
        3247
        3249
        3315
        3317
        3307
        3309
        3332
        3350
        3376
        3379
        3382
        3385
        3399
        3423
        3355
        3360
        3365
        3370
        3389
        3394
        3419
        3338
        3340
        3345
        3347
        3413
        3415
        3405
        3407
        3430
        3448
        3474
        3477
        3480
        3483
        3497
        3521
        3453
        3458
        3463
        3468
        3487
        3492
        3517
        3436
        3438
        3443
        3445
        3511
        3513
        3503
        3505
        3528
        3546
        3572
        3575
        3578
        3581
        3595
        3619
        3551
        3556
        3561
        3566
        3585
        3590
        3615
        3534
        3536
        3541
        3543
        3609
        3611
        3601
        3603
        3626
        3644
        3670
        3673
        3676
        3679
        3693
        3717
        3649
        3654
        3659
        3664
        3683
        3688
        3713
        3632
        3634
        3639
        3641
        3707
        3709
        3699
        3701
        3724
        3742
        3768
        3771
        3774
        3777
        3791
        3815
        3747
        3752
        3757
        3762
        3781
        3786
        3811
        3730
        3732
        3737
        3739
        3805
        3807
        3797
        3799
        3822
        3840
        3866
        3869
        3872
        3875
        3889
        3913
        3845
        3850
        3855
        3860
        3879
        3884
        3909
        3828
        3830
        3835
        3837
        3903
        3905
        3895
        3897
        3920
        3938
        3964
        3967
        3970
        3973
        3987
        4011
        3943
        3948
        3953
        3958
        3977
        3982
        4007
        3926
        3928
        3933
        3935
        4001
        4003
        3993
        3995
        4018
        4036
        4062
        4065
        4068
        4071
        4085
        4109
        4041
        4046
        4051
        4056
        4075
        4080
        4105
        4024
        4026
        4031
        4033
        4099
        4101
        4091
        4093
        4116
        4134
        4160
        4163
        4166
        4169
        4183
        4207
        4139
        4144
        4149
        4154
        4173
        4178
        4203
        4122
        4124
        4129
        4131
        4197
        4199
        4189
        4191
        4211
        4214
        4225
        4221
        4229
        4232
        4243
        4239
        4247
        4250
        4261
        4257
        4265
        4268
        4279
        4275
        4283
        4286
        4297
        4293
        4301
        4304
        4315
        4311
        4319
        4322
        4333
        4329
        4337
        4340
        4351
        4347
        4355
        4358
        4369
        4365
        4373
        4376
        4387
        4383
        4391
        4394
        4405
        4401
        4409
        4412
        4423
        4419
        4427
        4430
        4441
        4437
        4445
        4448
        4459
        4455
        4463
        4466
        4477
        4473
        4481
        4484
        4495
        4491
        4502
        4520
        4546
        4549
        4552
        4555
        4569
        4593
        4525
        4530
        4535
        4540
        4559
        4564
        4589
        4508
        4510
        4515
        4517
        4583
        4585
        4575
        4577
        4600
        4618
        4644
        4647
        4650
        4653
        4667
        4691
        4623
        4628
        4633
        4638
        4657
        4662
        4687
        4606
        4608
        4613
        4615
        4681
        4683
        4673
        4675
        4698
        4716
        4742
        4745
        4748
        4751
        4765
        4789
        4721
        4726
        4731
        4736
        4755
        4760
        4785
        4704
        4706
        4711
        4713
        4779
        4781
        4771
        4773
        4796
        4814
        4840
        4843
        4846
        4849
        4863
        4887
        4819
        4824
        4829
        4834
        4853
        4858
        4883
        4802
        4804
        4809
        4811
        4877
        4879
        4869
        4871
        4894
        4912
        4938
        4941
        4944
        4947
        4961
        4985
        4917
        4922
        4927
        4932
        4951
        4956
        4981
        4900
        4902
        4907
        4909
        4975
        4977
        4967
        4969
        4992
        5010
        5036
        5039
        5042
        5045
        5059
        5083
        5015
        5020
        5025
        5030
        5049
        5054
        5079
        4998
        5000
        5005
        5007
        5073
        5075
        5065
        5067
        5090
        5108
        5134
        5137
        5140
        5143
        5157
        5181
        5113
        5118
        5123
        5128
        5147
        5152
        5177
        5096
        5098
        5103
        5105
        5171
        5173
        5163
        5165
        5188
        5206
        5232
        5235
        5238
        5241
        5255
        5279
        5211
        5216
        5221
        5226
        5245
        5250
        5275
        5194
        5196
        5201
        5203
        5269
        5271
        5261
        5263
        5286
        5304
        5330
        5333
        5336
        5339
        5353
        5377
        5309
        5314
        5319
        5324
        5343
        5348
        5373
        5292
        5294
        5299
        5301
        5367
        5369
        5359
        5361
        5384
        5402
        5428
        5431
        5434
        5437
        5451
        5475
        5407
        5412
        5417
        5422
        5441
        5446
        5471
        5390
        5392
        5397
        5399
        5465
        5467
        5457
        5459
        5482
        5500
        5526
        5529
        5532
        5535
        5549
        5573
        5505
        5510
        5515
        5520
        5539
        5544
        5569
        5488
        5490
        5495
        5497
        5563
        5565
        5555
        5557
        5580
        5598
        5624
        5627
        5630
        5633
        5647
        5671
        5603
        5608
        5613
        5618
        5637
        5642
        5667
        5586
        5588
        5593
        5595
        5661
        5663
        5653
        5655
        5678
        5696
        5722
        5725
        5728
        5731
        5745
        5769
        5701
        5706
        5711
        5716
        5735
        5740
        5765
        5684
        5686
        5691
        5693
        5759
        5761
        5751
        5753
        5776
        5794
        5820
        5823
        5826
        5829
        5843
        5867
        5799
        5804
        5809
        5814
        5833
        5838
        5863
        5782
        5784
        5789
        5791
        5857
        5859
        5849
        5851
        5874
        5892
        5918
        5921
        5924
        5927
        5941
        5965
        5897
        5902
        5907
        5912
        5931
        5936
        5961
        5880
        5882
        5887
        5889
        5955
        5957
        5947
        5949
        5972
        5990
        6016
        6019
        6022
        6025
        6039
        6063
        5995
        6000
        6005
        6010
        6029
        6034
        6059
        5978
        5980
        5985
        5987
        6053
        6055
        6045
        6047
        6070
        6088
        6114
        6117
        6120
        6123
        6137
        6161
        6093
        6098
        6103
        6108
        6127
        6132
        6157
        6076
        6078
        6083
        6085
        6151
        6153
        6143
        6145
        6168
        6186
        6212
        6215
        6218
        6221
        6235
        6259
        6191
        6196
        6201
        6206
        6225
        6230
        6255
        6174
        6176
        6181
        6183
        6249
        6251
        6241
        6243
        6266
        6284
        6310
        6313
        6316
        6319
        6333
        6357
        6289
        6294
        6299
        6304
        6323
        6328
        6353
        6272
        6274
        6279
        6281
        6347
        6349
        6339
        6341
        6364
        6382
        6408
        6411
        6414
        6417
        6431
        6455
        6387
        6392
        6397
        6402
        6421
        6426
        6451
        6370
        6372
        6377
        6379
        6445
        6447
        6437
        6439
        6459
        6462
        6473
        6469
        6477
        6480
        6491
        6487
        6495
        6498
        6509
        6505
        6513
        6516
        6527
        6523
        6531
        6534
        6545
        6541
        6549
        6552
        6563
        6559
        6567
        6570
        6581
        6577
        6585
        6588
        6599
        6595
        6603
        6606
        6617
        6613
        6621
        6624
        6635
        6631
        6639
        6642
        6653
        6649
        6657
        6660
        6671
        6667
        6675
        6678
        6689
        6685
        6693
        6696
        6707
        6703
        6711
        6714
        6725
        6721
        6729
        6732
        6743
        6739
        6750
        6768
        6794
        6797
        6800
        6803
        6817
        6841
        6773
        6778
        6783
        6788
        6807
        6812
        6837
        6756
        6758
        6763
        6765
        6831
        6833
        6823
        6825
        6848
        6866
        6892
        6895
        6898
        6901
        6915
        6939
        6871
        6876
        6881
        6886
        6905
        6910
        6935
        6854
        6856
        6861
        6863
        6929
        6931
        6921
        6923
        6946
        6964
        6990
        6993
        6996
        6999
        7013
        7037
        6969
        6974
        6979
        6984
        7003
        7008
        7033
        6952
        6954
        6959
        6961
        7027
        7029
        7019
        7021
        7044
        7062
        7088
        7091
        7094
        7097
        7111
        7135
        7067
        7072
        7077
        7082
        7101
        7106
        7131
        7050
        7052
        7057
        7059
        7125
        7127
        7117
        7119
        7142
        7160
        7186
        7189
        7192
        7195
        7209
        7233
        7165
        7170
        7175
        7180
        7199
        7204
        7229
        7148
        7150
        7155
        7157
        7223
        7225
        7215
        7217
        7240
        7258
        7284
        7287
        7290
        7293
        7307
        7331
        7263
        7268
        7273
        7278
        7297
        7302
        7327
        7246
        7248
        7253
        7255
        7321
        7323
        7313
        7315
        7338
        7356
        7382
        7385
        7388
        7391
        7405
        7429
        7361
        7366
        7371
        7376
        7395
        7400
        7425
        7344
        7346
        7351
        7353
        7419
        7421
        7411
        7413
        7436
        7454
        7480
        7483
        7486
        7489
        7503
        7527
        7459
        7464
        7469
        7474
        7493
        7498
        7523
        7442
        7444
        7449
        7451
        7517
        7519
        7509
        7511
        7534
        7552
        7578
        7581
        7584
        7587
        7601
        7625
        7557
        7562
        7567
        7572
        7591
        7596
        7621
        7540
        7542
        7547
        7549
        7615
        7617
        7607
        7609
        7632
        7650
        7676
        7679
        7682
        7685
        7699
        7723
        7655
        7660
        7665
        7670
        7689
        7694
        7719
        7638
        7640
        7645
        7647
        7713
        7715
        7705
        7707
        7730
        7748
        7774
        7777
        7780
        7783
        7797
        7821
        7753
        7758
        7763
        7768
        7787
        7792
        7817
        7736
        7738
        7743
        7745
        7811
        7813
        7803
        7805
        7828
        7846
        7872
        7875
        7878
        7881
        7895
        7919
        7851
        7856
        7861
        7866
        7885
        7890
        7915
        7834
        7836
        7841
        7843
        7909
        7911
        7901
        7903
        7926
        7944
        7970
        7973
        7976
        7979
        7993
        8017
        7949
        7954
        7959
        7964
        7983
        7988
        8013
        7932
        7934
        7939
        7941
        8007
        8009
        7999
        8001
        8024
        8042
        8068
        8071
        8074
        8077
        8091
        8115
        8047
        8052
        8057
        8062
        8081
        8086
        8111
        8030
        8032
        8037
        8039
        8105
        8107
        8097
        8099
        8122
        8140
        8166
        8169
        8172
        8175
        8189
        8213
        8145
        8150
        8155
        8160
        8179
        8184
        8209
        8128
        8130
        8135
        8137
        8203
        8205
        8195
        8197
        8220
        8238
        8264
        8267
        8270
        8273
        8287
        8311
        8243
        8248
        8253
        8258
        8277
        8282
        8307
        8226
        8228
        8233
        8235
        8301
        8303
        8293
        8295
        8318
        8336
        8362
        8365
        8368
        8371
        8385
        8409
        8341
        8346
        8351
        8356
        8375
        8380
        8405
        8324
        8326
        8331
        8333
        8399
        8401
        8391
        8393
        8416
        8434
        8460
        8463
        8466
        8469
        8483
        8507
        8439
        8444
        8449
        8454
        8473
        8478
        8503
        8422
        8424
        8429
        8431
        8497
        8499
        8489
        8491
        8514
        8532
        8558
        8561
        8564
        8567
        8581
        8605
        8537
        8542
        8547
        8552
        8571
        8576
        8601
        8520
        8522
        8527
        8529
        8595
        8597
        8587
        8589
        8612
        8630
        8656
        8659
        8662
        8665
        8679
        8703
        8635
        8640
        8645
        8650
        8669
        8674
        8699
        8618
        8620
        8625
        8627
        8693
        8695
        8685
        8687
        8707
        8710
        8721
        8717
        8725
        8728
        8739
        8735
        8743
        8746
        8757
        8753
        8761
        8764
        8775
        8771
        8779
        8782
        8793
        8789
        8797
        8800
        8811
        8807
        8815
        8818
        8829
        8825
        8833
        8836
        8847
        8843
        8851
        8854
        8865
        8861
        8869
        8872
        8883
        8879
        8887
        8890
        8901
        8897
        8905
        8908
        8919
        8915
        8923
        8926
        8937
        8933
        8941
        8944
        8955
        8951
        8959
        8962
        8973
        8969
        8977
        8980
        8991
        8987
