           1           1           0           1           0
         122           1           0          14           0
         123           1           0          15           0
         149           1           0          19           0
         209           1           0          31           0
         210           1           0          32           0
         221           1           0          35           0
         243           1           0          41           0
         337           1           0          53           0
         119           1           1          13          -1
         120           1           1          13           0
         121           1           1          13           1
         150           1           1          20          -1
         151           1           1          20           0
         152           1           1          20           1
         171           1           1          23          -1
         172           1           1          23           0
         173           1           1          23           1
         179           1           1          25          -1
         180           1           1          25           0
         181           1           1          25           1
         182           1           1          26          -1
         183           1           1          26           0
         184           1           1          26           1
         185           1           1          27          -1
         186           1           1          27           0
         187           1           1          27           1
         222           1           1          36          -1
         223           1           1          36           0
         224           1           1          36           1
         225           1           1          37          -1
         226           1           1          37           0
         227           1           1          37           1
         244           1           1          42          -1
         245           1           1          42           0
         246           1           1          42           1
         334           1           1          52          -1
         335           1           1          52           0
         336           1           1          52           1
         174           1           2          24          -2
         175           1           2          24          -1
         176           1           2          24           0
         177           1           2          24           1
         178           1           2          24           2
         211           1           2          33          -2
         212           1           2          33          -1
         213           1           2          33           0
         214           1           2          33           1
         215           1           2          33           2
         216           1           2          34          -2
         217           1           2          34          -1
         218           1           2          34           0
         219           1           2          34           1
         220           1           2          34           2
         228           1           2          38          -2
         229           1           2          38          -1
         230           1           2          38           0
         231           1           2          38           1
         232           1           2          38           2
         233           1           2          39          -2
         234           1           2          39          -1
         235           1           2          39           0
         236           1           2          39           1
         237           1           2          39           2
         238           1           2          40          -2
         239           1           2          40          -1
         240           1           2          40           0
         241           1           2          40           1
         242           1           2          40           2
         247           1           2          43          -2
         248           1           2          43          -1
         249           1           2          43           0
         250           1           2          43           1
         251           1           2          43           2
         252           1           2          44          -2
         253           1           2          44          -1
         254           1           2          44           0
         255           1           2          44           1
         256           1           2          44           2
         329           1           2          51          -2
         330           1           2          51          -1
         331           1           2          51           0
         332           1           2          51           1
         333           1           2          51           2
          76           1           3           8          -3
          77           1           3           8          -2
          78           1           3           8          -1
          79           1           3           8           0
          80           1           3           8           1
          81           1           3           8           2
          82           1           3           8           3
         105           1           3          11          -3
         106           1           3          11          -2
         107           1           3          11          -1
         108           1           3          11           0
         109           1           3          11           1
         110           1           3          11           2
         111           1           3          11           3
         112           1           3          12          -3
         113           1           3          12          -2
         114           1           3          12          -1
         115           1           3          12           0
         116           1           3          12           1
         117           1           3          12           2
         118           1           3          12           3
         133           1           3          17          -3
         134           1           3          17          -2
         135           1           3          17          -1
         136           1           3          17           0
         137           1           3          17           1
         138           1           3          17           2
         139           1           3          17           3
         188           1           3          28          -3
         189           1           3          28          -2
         190           1           3          28          -1
         191           1           3          28           0
         192           1           3          28           1
         193           1           3          28           2
         194           1           3          28           3
         195           1           3          29          -3
         196           1           3          29          -2
         197           1           3          29          -1
         198           1           3          29           0
         199           1           3          29           1
         200           1           3          29           2
         201           1           3          29           3
         202           1           3          30          -3
         203           1           3          30          -2
         204           1           3          30          -1
         205           1           3          30           0
         206           1           3          30           1
         207           1           3          30           2
         208           1           3          30           3
         322           1           3          50          -3
         323           1           3          50          -2
         324           1           3          50          -1
         325           1           3          50           0
         326           1           3          50           1
         327           1           3          50           2
         328           1           3          50           3
          56           1           4           6          -4
          57           1           4           6          -3
          58           1           4           6          -2
          59           1           4           6          -1
          60           1           4           6           0
          61           1           4           6           1
          62           1           4           6           2
          63           1           4           6           3
          64           1           4           6           4
         124           1           4          16          -4
         125           1           4          16          -3
         126           1           4          16          -2
         127           1           4          16          -1
         128           1           4          16           0
         129           1           4          16           1
         130           1           4          16           2
         131           1           4          16           3
         132           1           4          16           4
         140           1           4          18          -4
         141           1           4          18          -3
         142           1           4          18          -2
         143           1           4          18          -1
         144           1           4          18           0
         145           1           4          18           1
         146           1           4          18           2
         147           1           4          18           3
         148           1           4          18           4
         153           1           4          21          -4
         154           1           4          21          -3
         155           1           4          21          -2
         156           1           4          21          -1
         157           1           4          21           0
         158           1           4          21           1
         159           1           4          21           2
         160           1           4          21           3
         161           1           4          21           4
         162           1           4          22          -4
         163           1           4          22          -3
         164           1           4          22          -2
         165           1           4          22          -1
         166           1           4          22           0
         167           1           4          22           1
         168           1           4          22           2
         169           1           4          22           3
         170           1           4          22           4
         313           1           4          49          -4
         314           1           4          49          -3
         315           1           4          49          -2
         316           1           4          49          -1
         317           1           4          49           0
         318           1           4          49           1
         319           1           4          49           2
         320           1           4          49           3
         321           1           4          49           4
          65           1           5           7          -5
          66           1           5           7          -4
          67           1           5           7          -3
          68           1           5           7          -2
          69           1           5           7          -1
          70           1           5           7           0
          71           1           5           7           1
          72           1           5           7           2
          73           1           5           7           3
          74           1           5           7           4
          75           1           5           7           5
          83           1           5           9          -5
          84           1           5           9          -4
          85           1           5           9          -3
          86           1           5           9          -2
          87           1           5           9          -1
          88           1           5           9           0
          89           1           5           9           1
          90           1           5           9           2
          91           1           5           9           3
          92           1           5           9           4
          93           1           5           9           5
          94           1           5          10          -5
          95           1           5          10          -4
          96           1           5          10          -3
          97           1           5          10          -2
          98           1           5          10          -1
          99           1           5          10           0
         100           1           5          10           1
         101           1           5          10           2
         102           1           5          10           3
         103           1           5          10           4
         104           1           5          10           5
         302           1           5          48          -5
         303           1           5          48          -4
         304           1           5          48          -3
         305           1           5          48          -2
         306           1           5          48          -1
         307           1           5          48           0
         308           1           5          48           1
         309           1           5          48           2
         310           1           5          48           3
         311           1           5          48           4
         312           1           5          48           5
          17           1           6           3          -6
          18           1           6           3          -5
          19           1           6           3          -4
          20           1           6           3          -3
          21           1           6           3          -2
          22           1           6           3          -1
          23           1           6           3           0
          24           1           6           3           1
          25           1           6           3           2
          26           1           6           3           3
          27           1           6           3           4
          28           1           6           3           5
          29           1           6           3           6
          30           1           6           4          -6
          31           1           6           4          -5
          32           1           6           4          -4
          33           1           6           4          -3
          34           1           6           4          -2
          35           1           6           4          -1
          36           1           6           4           0
          37           1           6           4           1
          38           1           6           4           2
          39           1           6           4           3
          40           1           6           4           4
          41           1           6           4           5
          42           1           6           4           6
          43           1           6           5          -6
          44           1           6           5          -5
          45           1           6           5          -4
          46           1           6           5          -3
          47           1           6           5          -2
          48           1           6           5          -1
          49           1           6           5           0
          50           1           6           5           1
          51           1           6           5           2
          52           1           6           5           3
          53           1           6           5           4
          54           1           6           5           5
          55           1           6           5           6
         289           1           6          47          -6
         290           1           6          47          -5
         291           1           6          47          -4
         292           1           6          47          -3
         293           1           6          47          -2
         294           1           6          47          -1
         295           1           6          47           0
         296           1           6          47           1
         297           1           6          47           2
         298           1           6          47           3
         299           1           6          47           4
         300           1           6          47           5
         301           1           6          47           6
           2           1           7           2          -7
           3           1           7           2          -6
           4           1           7           2          -5
           5           1           7           2          -4
           6           1           7           2          -3
           7           1           7           2          -2
           8           1           7           2          -1
           9           1           7           2           0
          10           1           7           2           1
          11           1           7           2           2
          12           1           7           2           3
          13           1           7           2           4
          14           1           7           2           5
          15           1           7           2           6
          16           1           7           2           7
         274           1           7          46          -7
         275           1           7          46          -6
         276           1           7          46          -5
         277           1           7          46          -4
         278           1           7          46          -3
         279           1           7          46          -2
         280           1           7          46          -1
         281           1           7          46           0
         282           1           7          46           1
         283           1           7          46           2
         284           1           7          46           3
         285           1           7          46           4
         286           1           7          46           5
         287           1           7          46           6
         288           1           7          46           7
         257           1           8          45          -8
         258           1           8          45          -7
         259           1           8          45          -6
         260           1           8          45          -5
         261           1           8          45          -4
         262           1           8          45          -3
         263           1           8          45          -2
         264           1           8          45          -1
         265           1           8          45           0
         266           1           8          45           1
         267           1           8          45           2
         268           1           8          45           3
         269           1           8          45           4
         270           1           8          45           5
         271           1           8          45           6
         272           1           8          45           7
         273           1           8          45           8
         395           2           0          67           0
         396           2           0          68           0
         397           2           0          69           0
         398           2           0          70           0
         399           2           0          71           0
         400           2           0          72           0
         401           2           0          73           0
         402           2           0          74           0
         427           2           0          79           0
         367           2           1          59          -1
         368           2           1          59           0
         369           2           1          59           1
         375           2           1          61          -1
         376           2           1          61           0
         377           2           1          61           1
         383           2           1          63          -1
         384           2           1          63           0
         385           2           1          63           1
         386           2           1          64          -1
         387           2           1          64           0
         388           2           1          64           1
         389           2           1          65          -1
         390           2           1          65           0
         391           2           1          65           1
         392           2           1          66          -1
         393           2           1          66           0
         394           2           1          66           1
         424           2           1          78          -1
         425           2           1          78           0
         426           2           1          78           1
         352           2           2          56          -2
         353           2           2          56          -1
         354           2           2          56           0
         355           2           2          56           1
         356           2           2          56           2
         357           2           2          57          -2
         358           2           2          57          -1
         359           2           2          57           0
         360           2           2          57           1
         361           2           2          57           2
         362           2           2          58          -2
         363           2           2          58          -1
         364           2           2          58           0
         365           2           2          58           1
         366           2           2          58           2
         370           2           2          60          -2
         371           2           2          60          -1
         372           2           2          60           0
         373           2           2          60           1
         374           2           2          60           2
         378           2           2          62          -2
         379           2           2          62          -1
         380           2           2          62           0
         381           2           2          62           1
         382           2           2          62           2
         419           2           2          77          -2
         420           2           2          77          -1
         421           2           2          77           0
         422           2           2          77           1
         423           2           2          77           2
         338           2           3          54          -3
         339           2           3          54          -2
         340           2           3          54          -1
         341           2           3          54           0
         342           2           3          54           1
         343           2           3          54           2
         344           2           3          54           3
         345           2           3          55          -3
         346           2           3          55          -2
         347           2           3          55          -1
         348           2           3          55           0
         349           2           3          55           1
         350           2           3          55           2
         351           2           3          55           3
         412           2           3          76          -3
         413           2           3          76          -2
         414           2           3          76          -1
         415           2           3          76           0
         416           2           3          76           1
         417           2           3          76           2
         418           2           3          76           3
         403           2           4          75          -4
         404           2           4          75          -3
         405           2           4          75          -2
         406           2           4          75          -1
         407           2           4          75           0
         408           2           4          75           1
         409           2           4          75           2
         410           2           4          75           3
         411           2           4          75           4
         485           3           0          67           0
         486           3           0          68           0
         487           3           0          69           0
         488           3           0          70           0
         489           3           0          71           0
         490           3           0          72           0
         491           3           0          73           0
         492           3           0          74           0
         517           3           0          79           0
         457           3           1          59          -1
         458           3           1          59           0
         459           3           1          59           1
         465           3           1          61          -1
         466           3           1          61           0
         467           3           1          61           1
         473           3           1          63          -1
         474           3           1          63           0
         475           3           1          63           1
         476           3           1          64          -1
         477           3           1          64           0
         478           3           1          64           1
         479           3           1          65          -1
         480           3           1          65           0
         481           3           1          65           1
         482           3           1          66          -1
         483           3           1          66           0
         484           3           1          66           1
         514           3           1          78          -1
         515           3           1          78           0
         516           3           1          78           1
         442           3           2          56          -2
         443           3           2          56          -1
         444           3           2          56           0
         445           3           2          56           1
         446           3           2          56           2
         447           3           2          57          -2
         448           3           2          57          -1
         449           3           2          57           0
         450           3           2          57           1
         451           3           2          57           2
         452           3           2          58          -2
         453           3           2          58          -1
         454           3           2          58           0
         455           3           2          58           1
         456           3           2          58           2
         460           3           2          60          -2
         461           3           2          60          -1
         462           3           2          60           0
         463           3           2          60           1
         464           3           2          60           2
         468           3           2          62          -2
         469           3           2          62          -1
         470           3           2          62           0
         471           3           2          62           1
         472           3           2          62           2
         509           3           2          77          -2
         510           3           2          77          -1
         511           3           2          77           0
         512           3           2          77           1
         513           3           2          77           2
         428           3           3          54          -3
         429           3           3          54          -2
         430           3           3          54          -1
         431           3           3          54           0
         432           3           3          54           1
         433           3           3          54           2
         434           3           3          54           3
         435           3           3          55          -3
         436           3           3          55          -2
         437           3           3          55          -1
         438           3           3          55           0
         439           3           3          55           1
         440           3           3          55           2
         441           3           3          55           3
         502           3           3          76          -3
         503           3           3          76          -2
         504           3           3          76          -1
         505           3           3          76           0
         506           3           3          76           1
         507           3           3          76           2
         508           3           3          76           3
         493           3           4          75          -4
         494           3           4          75          -3
         495           3           4          75          -2
         496           3           4          75          -1
         497           3           4          75           0
         498           3           4          75           1
         499           3           4          75           2
         500           3           4          75           3
         501           3           4          75           4
