         121
         152
         173
         181
         184
         187
         224
         227
         246
         336
         177
         214
         219
         231
         236
         241
         250
         255
         332
          80
          82
         109
         111
         116
         118
         137
         139
         192
         194
         199
         201
         206
         208
         326
         328
          61
          63
         129
         131
         145
         147
         158
         160
         167
         169
         318
         320
          71
          73
          75
          89
          91
          93
         100
         102
         104
         308
         310
         312
          24
          26
          28
          37
          39
          41
          50
          52
          54
         296
         298
         300
          10
          12
          14
          16
         282
         284
         286
         288
         266
         268
         270
         272
         369
         377
         385
         388
         391
         394
         426
         355
         360
         365
         373
         381
         422
         342
         344
         349
         351
         416
         418
         408
         410
         459
         467
         475
         478
         481
         484
         516
         445
         450
         455
         463
         471
         512
         432
         434
         439
         441
         506
         508
         498
         500
