          21
          25
          28
          31
          41
          44
          68
          71
         105
          35
          48
          53
          58
          63
          75
          80
         101
           6
           8
          13
          15
          95
          97
          87
          89
         109
         112
         123
         119
         127
         130
         141
         137
         163
         167
         170
         173
         183
         186
         210
         213
         247
         177
         190
         195
         200
         205
         217
         222
         243
         148
         150
         155
         157
         237
         239
         229
         231
         251
         254
         265
         261
         269
         272
         283
         279
         305
         309
         312
         315
         325
         328
         352
         355
         389
         319
         332
         337
         342
         347
         359
         364
         385
         290
         292
         297
         299
         379
         381
         371
         373
         393
         396
         407
         403
         411
         414
         425
         421
         447
         451
         454
         457
         467
         470
         494
         497
         531
         461
         474
         479
         484
         489
         501
         506
         527
         432
         434
         439
         441
         521
         523
         513
         515
         535
         538
         549
         545
         553
         556
         567
         563
         589
         593
         596
         599
         609
         612
         636
         639
         673
         603
         616
         621
         626
         631
         643
         648
         669
         574
         576
         581
         583
         663
         665
         655
         657
         677
         680
         691
         687
         695
         698
         709
         705
         731
         735
         738
         741
         751
         754
         778
         781
         815
         745
         758
         763
         768
         773
         785
         790
         811
         716
         718
         723
         725
         805
         807
         797
         799
         819
         822
         833
         829
         837
         840
         851
         847
         873
         877
         880
         883
         893
         896
         920
         923
         957
         887
         900
         905
         910
         915
         927
         932
         953
         858
         860
         865
         867
         947
         949
         939
         941
         961
         964
         975
         971
         979
         982
         993
         989
        1015
        1019
        1022
        1025
        1035
        1038
        1062
        1065
        1099
        1029
        1042
        1047
        1052
        1057
        1069
        1074
        1095
        1000
        1002
        1007
        1009
        1089
        1091
        1081
        1083
        1103
        1106
        1117
        1113
        1121
        1124
        1135
        1131
        1157
        1161
        1164
        1167
        1177
        1180
        1204
        1207
        1241
        1171
        1184
        1189
        1194
        1199
        1211
        1216
        1237
        1142
        1144
        1149
        1151
        1231
        1233
        1223
        1225
        1245
        1248
        1259
        1255
        1263
        1266
        1277
        1273
        1299
        1303
        1306
        1309
        1319
        1322
        1346
        1349
        1383
        1313
        1326
        1331
        1336
        1341
        1353
        1358
        1379
        1284
        1286
        1291
        1293
        1373
        1375
        1365
        1367
        1387
        1390
        1401
        1397
        1405
        1408
        1419
        1415
        1441
        1445
        1448
        1451
        1461
        1464
        1488
        1491
        1525
        1455
        1468
        1473
        1478
        1483
        1495
        1500
        1521
        1426
        1428
        1433
        1435
        1515
        1517
        1507
        1509
        1529
        1532
        1543
        1539
        1547
        1550
        1561
        1557
        1583
        1587
        1590
        1593
        1603
        1606
        1630
        1633
        1667
        1597
        1610
        1615
        1620
        1625
        1637
        1642
        1663
        1568
        1570
        1575
        1577
        1657
        1659
        1649
        1651
        1671
        1674
        1685
        1681
        1689
        1692
        1703
        1699
        1725
        1729
        1732
        1735
        1745
        1748
        1772
        1775
        1809
        1739
        1752
        1757
        1762
        1767
        1779
        1784
        1805
        1710
        1712
        1717
        1719
        1799
        1801
        1791
        1793
        1813
        1816
        1827
        1823
        1831
        1834
        1845
        1841
        1867
        1871
        1874
        1877
        1887
        1890
        1914
        1917
        1951
        1881
        1894
        1899
        1904
        1909
        1921
        1926
        1947
        1852
        1854
        1859
        1861
        1941
        1943
        1933
        1935
        1955
        1958
        1969
        1965
        1973
        1976
        1987
        1983
        2009
        2013
        2016
        2019
        2029
        2032
        2056
        2059
        2093
        2023
        2036
        2041
        2046
        2051
        2063
        2068
        2089
        1994
        1996
        2001
        2003
        2083
        2085
        2075
        2077
        2097
        2100
        2111
        2107
        2115
        2118
        2129
        2125
        2151
        2155
        2158
        2161
        2171
        2174
        2198
        2201
        2235
        2165
        2178
        2183
        2188
        2193
        2205
        2210
        2231
        2136
        2138
        2143
        2145
        2225
        2227
        2217
        2219
        2239
        2242
        2253
        2249
        2257
        2260
        2271
        2267
        2293
        2297
        2300
        2303
        2313
        2316
        2340
        2343
        2377
        2307
        2320
        2325
        2330
        2335
        2347
        2352
        2373
        2278
        2280
        2285
        2287
        2367
        2369
        2359
        2361
        2381
        2384
        2395
        2391
        2399
        2402
        2413
        2409
        2435
        2439
        2442
        2445
        2455
        2458
        2482
        2485
        2519
        2449
        2462
        2467
        2472
        2477
        2489
        2494
        2515
        2420
        2422
        2427
        2429
        2509
        2511
        2501
        2503
        2523
        2526
        2537
        2533
        2541
        2544
        2555
        2551
        2577
        2581
        2584
        2587
        2597
        2600
        2624
        2627
        2661
        2591
        2604
        2609
        2614
        2619
        2631
        2636
        2657
        2562
        2564
        2569
        2571
        2651
        2653
        2643
        2645
        2665
        2668
        2679
        2675
        2683
        2686
        2697
        2693
        2719
        2723
        2726
        2729
        2739
        2742
        2766
        2769
        2803
        2733
        2746
        2751
        2756
        2761
        2773
        2778
        2799
        2704
        2706
        2711
        2713
        2793
        2795
        2785
        2787
        2807
        2810
        2821
        2817
        2825
        2828
        2839
        2835
        2861
        2865
        2868
        2871
        2881
        2884
        2908
        2911
        2945
        2875
        2888
        2893
        2898
        2903
        2915
        2920
        2941
        2846
        2848
        2853
        2855
        2935
        2937
        2927
        2929
        2949
        2952
        2963
        2959
        2967
        2970
        2981
        2977
        3003
        3007
        3010
        3013
        3023
        3026
        3050
        3053
        3087
        3017
        3030
        3035
        3040
        3045
        3057
        3062
        3083
        2988
        2990
        2995
        2997
        3077
        3079
        3069
        3071
        3091
        3094
        3105
        3101
        3109
        3112
        3123
        3119
        3145
        3149
        3152
        3155
        3165
        3168
        3192
        3195
        3229
        3159
        3172
        3177
        3182
        3187
        3199
        3204
        3225
        3130
        3132
        3137
        3139
        3219
        3221
        3211
        3213
        3233
        3236
        3247
        3243
        3251
        3254
        3265
        3261
        3287
        3291
        3294
        3297
        3307
        3310
        3334
        3337
        3371
        3301
        3314
        3319
        3324
        3329
        3341
        3346
        3367
        3272
        3274
        3279
        3281
        3361
        3363
        3353
        3355
        3375
        3378
        3389
        3385
        3393
        3396
        3407
        3403
        3429
        3433
        3436
        3439
        3449
        3452
        3476
        3479
        3513
        3443
        3456
        3461
        3466
        3471
        3483
        3488
        3509
        3414
        3416
        3421
        3423
        3503
        3505
        3495
        3497
        3517
        3520
        3531
        3527
        3535
        3538
        3549
        3545
        3571
        3575
        3578
        3581
        3591
        3594
        3618
        3621
        3655
        3585
        3598
        3603
        3608
        3613
        3625
        3630
        3651
        3556
        3558
        3563
        3565
        3645
        3647
        3637
        3639
        3659
        3662
        3673
        3669
        3677
        3680
        3691
        3687
        3713
        3717
        3720
        3723
        3733
        3736
        3760
        3763
        3797
        3727
        3740
        3745
        3750
        3755
        3767
        3772
        3793
        3698
        3700
        3705
        3707
        3787
        3789
        3779
        3781
        3801
        3804
        3815
        3811
        3819
        3822
        3833
        3829
        3855
        3859
        3862
        3865
        3875
        3878
        3902
        3905
        3939
        3869
        3882
        3887
        3892
        3897
        3909
        3914
        3935
        3840
        3842
        3847
        3849
        3929
        3931
        3921
        3923
        3943
        3946
        3957
        3953
        3961
        3964
        3975
        3971
        3997
        4001
        4004
        4007
        4017
        4020
        4044
        4047
        4081
        4011
        4024
        4029
        4034
        4039
        4051
        4056
        4077
        3982
        3984
        3989
        3991
        4071
        4073
        4063
        4065
        4085
        4088
        4099
        4095
        4103
        4106
        4117
        4113
        4139
        4143
        4146
        4149
        4159
        4162
        4186
        4189
        4223
        4153
        4166
        4171
        4176
        4181
        4193
        4198
        4219
        4124
        4126
        4131
        4133
        4213
        4215
        4205
        4207
        4227
        4230
        4241
        4237
        4245
        4248
        4259
        4255
        4281
        4285
        4288
        4291
        4301
        4304
        4328
        4331
        4365
        4295
        4308
        4313
        4318
        4323
        4335
        4340
        4361
        4266
        4268
        4273
        4275
        4355
        4357
        4347
        4349
        4369
        4372
        4383
        4379
        4387
        4390
        4401
        4397
        4423
        4427
        4430
        4433
        4443
        4446
        4470
        4473
        4507
        4437
        4450
        4455
        4460
        4465
        4477
        4482
        4503
        4408
        4410
        4415
        4417
        4497
        4499
        4489
        4491
        4511
        4514
        4525
        4521
        4529
        4532
        4543
        4539
